<?xml version="1.0" encoding="UTF-8"?>
<!-- Generated by org.testng.reporters.JUnitReportReporter -->
<testsuite skipped="0" hostname="kataria" name="testng.Features.ParallelTest" tests="2" failures="0" timestamp="2021-01-29T11:07:51 IST" time="79.179" errors="0">
  <testcase name="firefoxTest" time="56.761" classname="testng.Features.ParallelTest"/>
  <system-out/>
  <testcase name="chromeTest" time="22.418" classname="testng.Features.ParallelTest"/>
  <system-out/>
</testsuite> <!-- testng.Features.ParallelTest -->
