<?xml version="1.0" encoding="UTF-8"?>
<!-- Generated by org.testng.reporters.JUnitReportReporter -->
<testsuite skipped="0" hostname="kataria" name="testng.Features.DataProviderTest" tests="2" failures="0" timestamp="2021-01-29T11:06:18 IST" time="0.009" errors="0">
  <testcase name="printData" time="0.001" classname="testng.Features.DataProviderTest"/>
  <system-out/>
  <testcase name="printData" time="0.008" classname="testng.Features.DataProviderTest"/>
  <system-out/>
</testsuite> <!-- testng.Features.DataProviderTest -->
