<?xml version="1.0" encoding="UTF-8"?>
<!-- Generated by org.testng.reporters.JUnitReportReporter -->
<testsuite skipped="0" hostname="kataria" name="testng.Features.ParametersTest" tests="1" failures="0" timestamp="2021-01-29T11:06:36 IST" time="0.010" errors="0">
  <testcase name="DataPrint" time="0.010" classname="testng.Features.ParametersTest"/>
  <system-out/>
</testsuite> <!-- testng.Features.ParametersTest -->
